[2025-10-26T03:57:29.496+0000] {manager.py:470} INFO - Processing files using up to 2 processes at a time 
[2025-10-26T03:57:29.501+0000] {manager.py:471} INFO - Process each file at most once every 30 seconds
[2025-10-26T03:57:29.512+0000] {manager.py:472} INFO - Checking for new files in /opt/airflow/dags every 300 seconds
[2025-10-26T03:57:29.587+0000] {manager.py:737} INFO - Searching for files in /opt/airflow/dags
[2025-10-26T03:57:29.594+0000] {manager.py:740} INFO - There are 0 files in /opt/airflow/dags
[2025-10-26T04:02:30.089+0000] {manager.py:737} INFO - Searching for files in /opt/airflow/dags
[2025-10-26T04:02:30.111+0000] {manager.py:740} INFO - There are 0 files in /opt/airflow/dags
[2025-10-26T04:39:09.192+0000] {manager.py:470} INFO - Processing files using up to 2 processes at a time 
[2025-10-26T04:39:09.197+0000] {manager.py:471} INFO - Process each file at most once every 30 seconds
[2025-10-26T04:39:09.198+0000] {manager.py:472} INFO - Checking for new files in /opt/airflow/dags every 300 seconds
[2025-10-26T04:39:09.199+0000] {manager.py:737} INFO - Searching for files in /opt/airflow/dags
[2025-10-26T04:39:09.207+0000] {manager.py:740} INFO - There are 0 files in /opt/airflow/dags
[2025-10-26T04:44:09.455+0000] {manager.py:737} INFO - Searching for files in /opt/airflow/dags
[2025-10-26T04:44:09.459+0000] {manager.py:740} INFO - There are 0 files in /opt/airflow/dags
[2025-10-26T04:49:10.400+0000] {manager.py:737} INFO - Searching for files in /opt/airflow/dags
[2025-10-26T04:49:10.412+0000] {manager.py:740} INFO - There are 0 files in /opt/airflow/dags
[2025-10-26T04:54:10.563+0000] {manager.py:737} INFO - Searching for files in /opt/airflow/dags
[2025-10-26T04:54:10.572+0000] {manager.py:740} INFO - There are 0 files in /opt/airflow/dags
[2025-10-26T04:59:10.583+0000] {manager.py:737} INFO - Searching for files in /opt/airflow/dags
[2025-10-26T04:59:10.588+0000] {manager.py:740} INFO - There are 0 files in /opt/airflow/dags
[2025-10-26T05:04:10.840+0000] {manager.py:737} INFO - Searching for files in /opt/airflow/dags
[2025-10-26T05:04:10.849+0000] {manager.py:740} INFO - There are 0 files in /opt/airflow/dags
[2025-10-26T05:11:48.276+0000] {manager.py:737} INFO - Searching for files in /opt/airflow/dags
[2025-10-26T05:11:48.296+0000] {manager.py:740} INFO - There are 0 files in /opt/airflow/dags
[2025-10-26T05:16:48.424+0000] {manager.py:737} INFO - Searching for files in /opt/airflow/dags
[2025-10-26T05:16:48.434+0000] {manager.py:740} INFO - There are 0 files in /opt/airflow/dags
[2025-10-26T05:21:49.374+0000] {manager.py:737} INFO - Searching for files in /opt/airflow/dags
[2025-10-26T05:21:49.381+0000] {manager.py:740} INFO - There are 0 files in /opt/airflow/dags
[2025-10-26T05:26:50.123+0000] {manager.py:737} INFO - Searching for files in /opt/airflow/dags
[2025-10-26T05:26:50.127+0000] {manager.py:740} INFO - There are 0 files in /opt/airflow/dags
[2025-10-26T05:31:50.146+0000] {manager.py:737} INFO - Searching for files in /opt/airflow/dags
[2025-10-26T05:31:50.153+0000] {manager.py:740} INFO - There are 0 files in /opt/airflow/dags
[2025-10-26T05:40:43.143+0000] {manager.py:737} INFO - Searching for files in /opt/airflow/dags
[2025-10-26T05:40:43.649+0000] {manager.py:740} INFO - There are 0 files in /opt/airflow/dags
[2025-10-26T05:45:43.625+0000] {manager.py:737} INFO - Searching for files in /opt/airflow/dags
[2025-10-26T05:45:43.632+0000] {manager.py:740} INFO - There are 0 files in /opt/airflow/dags
[2025-10-26T05:50:44.569+0000] {manager.py:737} INFO - Searching for files in /opt/airflow/dags
[2025-10-26T05:50:44.576+0000] {manager.py:740} INFO - There are 0 files in /opt/airflow/dags
[2025-10-26T05:55:45.516+0000] {manager.py:737} INFO - Searching for files in /opt/airflow/dags
[2025-10-26T05:55:45.522+0000] {manager.py:740} INFO - There are 0 files in /opt/airflow/dags
[2025-10-26T06:00:45.561+0000] {manager.py:737} INFO - Searching for files in /opt/airflow/dags
[2025-10-26T06:00:45.573+0000] {manager.py:740} INFO - There are 0 files in /opt/airflow/dags
[2025-10-26T06:05:45.800+0000] {manager.py:737} INFO - Searching for files in /opt/airflow/dags
[2025-10-26T06:05:45.822+0000] {manager.py:740} INFO - There are 0 files in /opt/airflow/dags
[2025-10-26T06:10:46.159+0000] {manager.py:737} INFO - Searching for files in /opt/airflow/dags
[2025-10-26T06:10:46.169+0000] {manager.py:740} INFO - There are 0 files in /opt/airflow/dags
[2025-10-26T06:15:47.080+0000] {manager.py:737} INFO - Searching for files in /opt/airflow/dags
[2025-10-26T06:15:47.107+0000] {manager.py:740} INFO - There are 0 files in /opt/airflow/dags
[2025-10-26T06:20:47.456+0000] {manager.py:737} INFO - Searching for files in /opt/airflow/dags
[2025-10-26T06:20:47.462+0000] {manager.py:740} INFO - There are 0 files in /opt/airflow/dags
[2025-10-26T06:25:48.069+0000] {manager.py:737} INFO - Searching for files in /opt/airflow/dags
[2025-10-26T06:25:48.079+0000] {manager.py:740} INFO - There are 0 files in /opt/airflow/dags
[2025-10-26T06:30:48.198+0000] {manager.py:737} INFO - Searching for files in /opt/airflow/dags
[2025-10-26T06:30:48.205+0000] {manager.py:740} INFO - There are 0 files in /opt/airflow/dags
[2025-10-26T07:03:26.444+0000] {manager.py:737} INFO - Searching for files in /opt/airflow/dags
[2025-10-26T07:03:26.467+0000] {manager.py:740} INFO - There are 0 files in /opt/airflow/dags
[2025-10-26T07:19:16.266+0000] {manager.py:737} INFO - Searching for files in /opt/airflow/dags
[2025-10-26T07:19:16.325+0000] {manager.py:740} INFO - There are 0 files in /opt/airflow/dags
[2025-10-26T07:36:27.501+0000] {manager.py:737} INFO - Searching for files in /opt/airflow/dags
[2025-10-26T07:36:27.508+0000] {manager.py:740} INFO - There are 0 files in /opt/airflow/dags
[2025-10-26T07:54:05.172+0000] {manager.py:737} INFO - Searching for files in /opt/airflow/dags
[2025-10-26T07:54:05.221+0000] {manager.py:740} INFO - There are 0 files in /opt/airflow/dags
[2025-10-26T08:12:48.144+0000] {manager.py:737} INFO - Searching for files in /opt/airflow/dags
[2025-10-26T08:12:48.159+0000] {manager.py:740} INFO - There are 0 files in /opt/airflow/dags
[2025-10-26T08:28:53.995+0000] {manager.py:737} INFO - Searching for files in /opt/airflow/dags
[2025-10-26T08:28:54.261+0000] {manager.py:740} INFO - There are 0 files in /opt/airflow/dags
[2025-10-26T08:45:15.136+0000] {manager.py:737} INFO - Searching for files in /opt/airflow/dags
[2025-10-26T08:45:15.147+0000] {manager.py:740} INFO - There are 0 files in /opt/airflow/dags
[2025-10-26T08:45:15.306+0000] {manager.py:452} INFO - Exiting gracefully upon receiving signal 15
[2025-10-26T08:45:17.442+0000] {manager.py:470} INFO - Processing files using up to 2 processes at a time 
[2025-10-26T08:45:17.443+0000] {manager.py:471} INFO - Process each file at most once every 30 seconds
[2025-10-26T08:45:17.445+0000] {manager.py:472} INFO - Checking for new files in /opt/airflow/dags every 300 seconds
[2025-10-26T08:45:17.448+0000] {manager.py:737} INFO - Searching for files in /opt/airflow/dags
[2025-10-26T08:45:17.452+0000] {manager.py:740} INFO - There are 0 files in /opt/airflow/dags
[2025-10-26T09:01:45.718+0000] {manager.py:737} INFO - Searching for files in /opt/airflow/dags
[2025-10-26T09:01:46.142+0000] {manager.py:740} INFO - There are 0 files in /opt/airflow/dags
[2025-10-26T09:01:46.196+0000] {manager.py:452} INFO - Exiting gracefully upon receiving signal 15
[2025-10-26T09:01:47.430+0000] {manager.py:470} INFO - Processing files using up to 2 processes at a time 
[2025-10-26T09:01:47.431+0000] {manager.py:471} INFO - Process each file at most once every 30 seconds
[2025-10-26T09:01:47.433+0000] {manager.py:472} INFO - Checking for new files in /opt/airflow/dags every 300 seconds
[2025-10-26T09:01:47.433+0000] {manager.py:737} INFO - Searching for files in /opt/airflow/dags
[2025-10-26T09:01:47.436+0000] {manager.py:740} INFO - There are 0 files in /opt/airflow/dags
[2025-10-26T09:18:19.966+0000] {manager.py:737} INFO - Searching for files in /opt/airflow/dags
[2025-10-26T09:18:20.379+0000] {manager.py:740} INFO - There are 0 files in /opt/airflow/dags
[2025-10-26T09:18:20.435+0000] {manager.py:452} INFO - Exiting gracefully upon receiving signal 15
[2025-10-26T09:18:21.182+0000] {manager.py:470} INFO - Processing files using up to 2 processes at a time 
[2025-10-26T09:18:21.183+0000] {manager.py:471} INFO - Process each file at most once every 30 seconds
[2025-10-26T09:18:21.184+0000] {manager.py:472} INFO - Checking for new files in /opt/airflow/dags every 300 seconds
[2025-10-26T09:18:21.186+0000] {manager.py:737} INFO - Searching for files in /opt/airflow/dags
[2025-10-26T09:18:21.189+0000] {manager.py:740} INFO - There are 0 files in /opt/airflow/dags
[2025-10-26T09:29:54.880+0000] {manager.py:737} INFO - Searching for files in /opt/airflow/dags
[2025-10-26T09:29:55.711+0000] {manager.py:740} INFO - There are 0 files in /opt/airflow/dags
[2025-10-26T09:47:05.832+0000] {manager.py:737} INFO - Searching for files in /opt/airflow/dags
[2025-10-26T09:47:05.851+0000] {manager.py:740} INFO - There are 0 files in /opt/airflow/dags
[2025-10-26T10:05:32.029+0000] {manager.py:737} INFO - Searching for files in /opt/airflow/dags
[2025-10-26T10:05:32.044+0000] {manager.py:740} INFO - There are 0 files in /opt/airflow/dags
[2025-10-26T10:22:34.923+0000] {manager.py:737} INFO - Searching for files in /opt/airflow/dags
[2025-10-26T10:22:34.929+0000] {manager.py:740} INFO - There are 0 files in /opt/airflow/dags
[2025-10-26T10:30:55.833+0000] {manager.py:737} INFO - Searching for files in /opt/airflow/dags
[2025-10-26T10:30:55.777+0000] {manager.py:740} INFO - There are 0 files in /opt/airflow/dags
[2025-10-26T10:45:10.714+0000] {manager.py:737} INFO - Searching for files in /opt/airflow/dags
[2025-10-26T10:45:10.723+0000] {manager.py:740} INFO - There are 0 files in /opt/airflow/dags
[2025-10-26T11:01:58.720+0000] {manager.py:737} INFO - Searching for files in /opt/airflow/dags
[2025-10-26T11:01:59.635+0000] {manager.py:452} INFO - Exiting gracefully upon receiving signal 15
[2025-10-26T11:02:00.325+0000] {manager.py:470} INFO - Processing files using up to 2 processes at a time 
[2025-10-26T11:02:00.327+0000] {manager.py:471} INFO - Process each file at most once every 30 seconds
[2025-10-26T11:02:00.328+0000] {manager.py:472} INFO - Checking for new files in /opt/airflow/dags every 300 seconds
[2025-10-26T11:02:00.329+0000] {manager.py:737} INFO - Searching for files in /opt/airflow/dags
[2025-10-26T11:02:00.333+0000] {manager.py:740} INFO - There are 0 files in /opt/airflow/dags
[2025-10-26T11:19:59.300+0000] {manager.py:737} INFO - Searching for files in /opt/airflow/dags
[2025-10-26T11:19:59.367+0000] {manager.py:740} INFO - There are 0 files in /opt/airflow/dags
[2025-10-26T11:31:57.339+0000] {manager.py:737} INFO - Searching for files in /opt/airflow/dags
[2025-10-26T11:31:57.352+0000] {manager.py:740} INFO - There are 0 files in /opt/airflow/dags
[2025-10-26T11:48:19.646+0000] {manager.py:737} INFO - Searching for files in /opt/airflow/dags
[2025-10-26T11:48:20.574+0000] {manager.py:740} INFO - There are 0 files in /opt/airflow/dags
[2025-10-26T12:04:33.752+0000] {manager.py:737} INFO - Searching for files in /opt/airflow/dags
[2025-10-26T12:04:33.758+0000] {manager.py:740} INFO - There are 0 files in /opt/airflow/dags
[2025-10-26T12:04:33.789+0000] {manager.py:452} INFO - Exiting gracefully upon receiving signal 15
[2025-10-26T12:04:34.694+0000] {manager.py:470} INFO - Processing files using up to 2 processes at a time 
[2025-10-26T12:04:34.698+0000] {manager.py:471} INFO - Process each file at most once every 30 seconds
[2025-10-26T12:04:34.699+0000] {manager.py:472} INFO - Checking for new files in /opt/airflow/dags every 300 seconds
[2025-10-26T12:04:34.702+0000] {manager.py:737} INFO - Searching for files in /opt/airflow/dags
[2025-10-26T12:04:34.706+0000] {manager.py:740} INFO - There are 0 files in /opt/airflow/dags
[2025-10-26T12:23:07.599+0000] {manager.py:737} INFO - Searching for files in /opt/airflow/dags
[2025-10-26T12:23:07.610+0000] {manager.py:740} INFO - There are 0 files in /opt/airflow/dags
[2025-10-26T12:29:15.492+0000] {manager.py:737} INFO - Searching for files in /opt/airflow/dags
[2025-10-26T12:29:16.209+0000] {manager.py:740} INFO - There are 0 files in /opt/airflow/dags
[2025-10-26T12:50:30.345+0000] {manager.py:737} INFO - Searching for files in /opt/airflow/dags
[2025-10-26T12:50:30.612+0000] {manager.py:740} INFO - There are 0 files in /opt/airflow/dags
[2025-10-26T12:55:30.699+0000] {manager.py:737} INFO - Searching for files in /opt/airflow/dags
[2025-10-26T12:55:31.064+0000] {manager.py:740} INFO - There are 0 files in /opt/airflow/dags
[2025-10-26T13:00:30.970+0000] {manager.py:737} INFO - Searching for files in /opt/airflow/dags
[2025-10-26T13:00:31.348+0000] {manager.py:740} INFO - There are 0 files in /opt/airflow/dags
[2025-10-26T13:05:31.784+0000] {manager.py:737} INFO - Searching for files in /opt/airflow/dags
[2025-10-26T13:05:31.868+0000] {manager.py:740} INFO - There are 0 files in /opt/airflow/dags
[2025-10-26T13:10:33.077+0000] {manager.py:737} INFO - Searching for files in /opt/airflow/dags
[2025-10-26T13:10:33.611+0000] {manager.py:740} INFO - There are 0 files in /opt/airflow/dags
[2025-10-26T13:15:33.322+0000] {manager.py:737} INFO - Searching for files in /opt/airflow/dags
[2025-10-26T13:15:33.711+0000] {manager.py:740} INFO - There are 0 files in /opt/airflow/dags
[2025-10-26T13:20:34.128+0000] {manager.py:737} INFO - Searching for files in /opt/airflow/dags
[2025-10-26T13:20:34.390+0000] {manager.py:740} INFO - There are 0 files in /opt/airflow/dags
[2025-10-26T13:25:34.276+0000] {manager.py:737} INFO - Searching for files in /opt/airflow/dags
[2025-10-26T13:25:34.422+0000] {manager.py:740} INFO - There are 0 files in /opt/airflow/dags
[2025-10-26T13:30:34.451+0000] {manager.py:737} INFO - Searching for files in /opt/airflow/dags
[2025-10-26T13:30:34.745+0000] {manager.py:740} INFO - There are 0 files in /opt/airflow/dags
[2025-10-26T13:35:35.340+0000] {manager.py:737} INFO - Searching for files in /opt/airflow/dags
[2025-10-26T13:35:35.519+0000] {manager.py:740} INFO - There are 0 files in /opt/airflow/dags
[2025-10-26T13:40:36.315+0000] {manager.py:737} INFO - Searching for files in /opt/airflow/dags
[2025-10-26T13:40:36.561+0000] {manager.py:740} INFO - There are 0 files in /opt/airflow/dags
[2025-10-26T13:45:36.961+0000] {manager.py:737} INFO - Searching for files in /opt/airflow/dags
[2025-10-26T13:45:37.294+0000] {manager.py:740} INFO - There are 0 files in /opt/airflow/dags
[2025-10-26T13:50:37.404+0000] {manager.py:737} INFO - Searching for files in /opt/airflow/dags
[2025-10-26T13:50:37.462+0000] {manager.py:740} INFO - There are 0 files in /opt/airflow/dags
[2025-10-26T13:55:37.484+0000] {manager.py:737} INFO - Searching for files in /opt/airflow/dags
[2025-10-26T13:55:37.496+0000] {manager.py:740} INFO - There are 0 files in /opt/airflow/dags
[2025-10-26T14:00:38.430+0000] {manager.py:737} INFO - Searching for files in /opt/airflow/dags
[2025-10-26T14:00:38.439+0000] {manager.py:740} INFO - There are 0 files in /opt/airflow/dags
[2025-10-26T14:05:38.655+0000] {manager.py:737} INFO - Searching for files in /opt/airflow/dags
[2025-10-26T14:05:38.668+0000] {manager.py:740} INFO - There are 0 files in /opt/airflow/dags
[2025-10-26T14:10:39.224+0000] {manager.py:737} INFO - Searching for files in /opt/airflow/dags
[2025-10-26T14:10:39.256+0000] {manager.py:740} INFO - There are 0 files in /opt/airflow/dags
[2025-10-26T14:15:40.214+0000] {manager.py:737} INFO - Searching for files in /opt/airflow/dags
[2025-10-26T14:15:40.222+0000] {manager.py:740} INFO - There are 0 files in /opt/airflow/dags
[2025-10-26T14:20:40.484+0000] {manager.py:737} INFO - Searching for files in /opt/airflow/dags
[2025-10-26T14:20:40.494+0000] {manager.py:740} INFO - There are 0 files in /opt/airflow/dags
[2025-10-26T14:25:40.497+0000] {manager.py:737} INFO - Searching for files in /opt/airflow/dags
[2025-10-26T14:25:40.508+0000] {manager.py:740} INFO - There are 0 files in /opt/airflow/dags
[2025-10-26T14:30:41.473+0000] {manager.py:737} INFO - Searching for files in /opt/airflow/dags
[2025-10-26T14:30:41.481+0000] {manager.py:740} INFO - There are 0 files in /opt/airflow/dags
[2025-10-26T14:35:42.468+0000] {manager.py:737} INFO - Searching for files in /opt/airflow/dags
[2025-10-26T14:35:42.477+0000] {manager.py:740} INFO - There are 0 files in /opt/airflow/dags
[2025-10-26T15:07:18.739+0000] {manager.py:737} INFO - Searching for files in /opt/airflow/dags
[2025-10-26T15:07:19.021+0000] {manager.py:740} INFO - There are 0 files in /opt/airflow/dags
[2025-10-26T15:12:19.392+0000] {manager.py:737} INFO - Searching for files in /opt/airflow/dags
[2025-10-26T15:12:19.930+0000] {manager.py:740} INFO - There are 0 files in /opt/airflow/dags
[2025-10-26T15:17:19.412+0000] {manager.py:737} INFO - Searching for files in /opt/airflow/dags
[2025-10-26T15:17:19.734+0000] {manager.py:740} INFO - There are 0 files in /opt/airflow/dags
[2025-10-26T15:22:19.414+0000] {manager.py:737} INFO - Searching for files in /opt/airflow/dags
[2025-10-26T15:22:19.684+0000] {manager.py:740} INFO - There are 0 files in /opt/airflow/dags
[2025-10-26T15:27:20.461+0000] {manager.py:737} INFO - Searching for files in /opt/airflow/dags
[2025-10-26T15:27:20.702+0000] {manager.py:740} INFO - There are 0 files in /opt/airflow/dags
[2025-10-26T15:32:20.503+0000] {manager.py:737} INFO - Searching for files in /opt/airflow/dags
[2025-10-26T15:32:20.767+0000] {manager.py:740} INFO - There are 0 files in /opt/airflow/dags
[2025-10-26T15:37:21.581+0000] {manager.py:737} INFO - Searching for files in /opt/airflow/dags
[2025-10-26T15:37:21.867+0000] {manager.py:740} INFO - There are 0 files in /opt/airflow/dags
[2025-10-26T15:42:21.633+0000] {manager.py:737} INFO - Searching for files in /opt/airflow/dags
[2025-10-26T15:42:21.644+0000] {manager.py:740} INFO - There are 0 files in /opt/airflow/dags
[2025-10-26T15:47:22.493+0000] {manager.py:737} INFO - Searching for files in /opt/airflow/dags
[2025-10-26T15:47:22.505+0000] {manager.py:740} INFO - There are 0 files in /opt/airflow/dags
[2025-10-26T15:52:23.462+0000] {manager.py:737} INFO - Searching for files in /opt/airflow/dags
[2025-10-26T15:52:23.468+0000] {manager.py:740} INFO - There are 0 files in /opt/airflow/dags
[2025-10-26T15:57:24.415+0000] {manager.py:737} INFO - Searching for files in /opt/airflow/dags
[2025-10-26T15:57:24.421+0000] {manager.py:740} INFO - There are 0 files in /opt/airflow/dags
[2025-10-26T16:02:24.496+0000] {manager.py:737} INFO - Searching for files in /opt/airflow/dags
[2025-10-26T16:02:24.507+0000] {manager.py:740} INFO - There are 0 files in /opt/airflow/dags
[2025-10-26T16:07:25.427+0000] {manager.py:737} INFO - Searching for files in /opt/airflow/dags
[2025-10-26T16:07:25.436+0000] {manager.py:740} INFO - There are 0 files in /opt/airflow/dags
[2025-10-26T16:12:26.286+0000] {manager.py:737} INFO - Searching for files in /opt/airflow/dags
[2025-10-26T16:12:26.294+0000] {manager.py:740} INFO - There are 0 files in /opt/airflow/dags
[2025-10-26T16:19:18.087+0000] {manager.py:737} INFO - Searching for files in /opt/airflow/dags
[2025-10-26T16:19:18.105+0000] {manager.py:740} INFO - There are 0 files in /opt/airflow/dags
[2025-10-26T16:24:18.585+0000] {manager.py:737} INFO - Searching for files in /opt/airflow/dags
[2025-10-26T16:24:18.593+0000] {manager.py:740} INFO - There are 0 files in /opt/airflow/dags
[2025-10-26T16:29:18.636+0000] {manager.py:737} INFO - Searching for files in /opt/airflow/dags
[2025-10-26T16:29:18.645+0000] {manager.py:740} INFO - There are 0 files in /opt/airflow/dags
[2025-10-26T16:34:18.689+0000] {manager.py:737} INFO - Searching for files in /opt/airflow/dags
[2025-10-26T16:34:18.697+0000] {manager.py:740} INFO - There are 0 files in /opt/airflow/dags
[2025-10-26T16:39:19.582+0000] {manager.py:737} INFO - Searching for files in /opt/airflow/dags
[2025-10-26T16:39:19.596+0000] {manager.py:740} INFO - There are 0 files in /opt/airflow/dags
[2025-10-26T16:44:19.668+0000] {manager.py:737} INFO - Searching for files in /opt/airflow/dags
[2025-10-26T16:44:19.675+0000] {manager.py:740} INFO - There are 0 files in /opt/airflow/dags
[2025-10-26T16:49:20.661+0000] {manager.py:737} INFO - Searching for files in /opt/airflow/dags
[2025-10-26T16:49:20.668+0000] {manager.py:740} INFO - There are 0 files in /opt/airflow/dags
[2025-10-26T16:54:20.693+0000] {manager.py:737} INFO - Searching for files in /opt/airflow/dags
[2025-10-26T16:54:20.701+0000] {manager.py:740} INFO - There are 0 files in /opt/airflow/dags
[2025-10-26T17:24:35.914+0000] {manager.py:737} INFO - Searching for files in /opt/airflow/dags
[2025-10-26T17:24:35.974+0000] {manager.py:740} INFO - There are 0 files in /opt/airflow/dags
[2025-10-26T17:40:39.379+0000] {manager.py:737} INFO - Searching for files in /opt/airflow/dags
[2025-10-26T17:40:39.442+0000] {manager.py:740} INFO - There are 0 files in /opt/airflow/dags
[2025-10-26T17:40:39.522+0000] {manager.py:452} INFO - Exiting gracefully upon receiving signal 15
[2025-10-26T17:40:41.329+0000] {manager.py:470} INFO - Processing files using up to 2 processes at a time 
[2025-10-26T17:40:41.331+0000] {manager.py:471} INFO - Process each file at most once every 30 seconds
[2025-10-26T17:40:41.332+0000] {manager.py:472} INFO - Checking for new files in /opt/airflow/dags every 300 seconds
[2025-10-26T17:40:41.334+0000] {manager.py:737} INFO - Searching for files in /opt/airflow/dags
[2025-10-26T17:40:41.337+0000] {manager.py:740} INFO - There are 0 files in /opt/airflow/dags
[2025-10-26T17:45:41.546+0000] {manager.py:737} INFO - Searching for files in /opt/airflow/dags
[2025-10-26T17:45:41.558+0000] {manager.py:740} INFO - There are 0 files in /opt/airflow/dags
[2025-10-26T17:50:42.506+0000] {manager.py:737} INFO - Searching for files in /opt/airflow/dags
[2025-10-26T17:50:42.514+0000] {manager.py:740} INFO - There are 0 files in /opt/airflow/dags
[2025-10-26T17:55:42.717+0000] {manager.py:737} INFO - Searching for files in /opt/airflow/dags
[2025-10-26T17:55:42.723+0000] {manager.py:740} INFO - There are 0 files in /opt/airflow/dags
[2025-10-26T18:00:43.671+0000] {manager.py:737} INFO - Searching for files in /opt/airflow/dags
[2025-10-26T18:00:43.682+0000] {manager.py:740} INFO - There are 0 files in /opt/airflow/dags
[2025-10-26T18:05:43.884+0000] {manager.py:737} INFO - Searching for files in /opt/airflow/dags
[2025-10-26T18:05:43.894+0000] {manager.py:740} INFO - There are 0 files in /opt/airflow/dags
[2025-10-26T18:10:44.805+0000] {manager.py:737} INFO - Searching for files in /opt/airflow/dags
[2025-10-26T18:10:44.816+0000] {manager.py:740} INFO - There are 0 files in /opt/airflow/dags
[2025-10-26T18:15:44.811+0000] {manager.py:737} INFO - Searching for files in /opt/airflow/dags
[2025-10-26T18:15:44.817+0000] {manager.py:740} INFO - There are 0 files in /opt/airflow/dags
[2025-10-26T18:46:22.490+0000] {manager.py:737} INFO - Searching for files in /opt/airflow/dags
[2025-10-26T18:46:22.504+0000] {manager.py:740} INFO - There are 0 files in /opt/airflow/dags
[2025-10-26T18:46:22.514+0000] {manager.py:452} INFO - Exiting gracefully upon receiving signal 15
[2025-10-26T18:46:23.314+0000] {manager.py:470} INFO - Processing files using up to 2 processes at a time 
[2025-10-26T18:46:23.315+0000] {manager.py:471} INFO - Process each file at most once every 30 seconds
[2025-10-26T18:46:23.316+0000] {manager.py:472} INFO - Checking for new files in /opt/airflow/dags every 300 seconds
[2025-10-26T18:46:23.317+0000] {manager.py:737} INFO - Searching for files in /opt/airflow/dags
[2025-10-26T18:46:23.322+0000] {manager.py:740} INFO - There are 0 files in /opt/airflow/dags
[2025-10-26T18:58:11.930+0000] {manager.py:737} INFO - Searching for files in /opt/airflow/dags
[2025-10-26T18:58:12.756+0000] {manager.py:740} INFO - There are 0 files in /opt/airflow/dags
[2025-10-26T19:03:12.198+0000] {manager.py:737} INFO - Searching for files in /opt/airflow/dags
[2025-10-26T19:03:12.209+0000] {manager.py:740} INFO - There are 0 files in /opt/airflow/dags
[2025-10-26T19:08:12.222+0000] {manager.py:737} INFO - Searching for files in /opt/airflow/dags
[2025-10-26T19:08:12.227+0000] {manager.py:740} INFO - There are 0 files in /opt/airflow/dags
[2025-10-26T19:13:12.334+0000] {manager.py:737} INFO - Searching for files in /opt/airflow/dags
[2025-10-26T19:13:12.341+0000] {manager.py:740} INFO - There are 0 files in /opt/airflow/dags
[2025-10-26T19:18:13.253+0000] {manager.py:737} INFO - Searching for files in /opt/airflow/dags
[2025-10-26T19:18:13.257+0000] {manager.py:740} INFO - There are 0 files in /opt/airflow/dags
[2025-10-26T19:23:13.461+0000] {manager.py:737} INFO - Searching for files in /opt/airflow/dags
[2025-10-26T19:23:13.467+0000] {manager.py:740} INFO - There are 0 files in /opt/airflow/dags
[2025-10-26T19:28:14.390+0000] {manager.py:737} INFO - Searching for files in /opt/airflow/dags
[2025-10-26T19:28:14.398+0000] {manager.py:740} INFO - There are 0 files in /opt/airflow/dags
[2025-10-26T19:33:15.320+0000] {manager.py:737} INFO - Searching for files in /opt/airflow/dags
[2025-10-26T19:33:15.325+0000] {manager.py:740} INFO - There are 0 files in /opt/airflow/dags
[2025-10-26T19:38:15.704+0000] {manager.py:737} INFO - Searching for files in /opt/airflow/dags
[2025-10-26T19:38:15.712+0000] {manager.py:740} INFO - There are 0 files in /opt/airflow/dags
[2025-10-26T20:08:25.259+0000] {manager.py:737} INFO - Searching for files in /opt/airflow/dags
[2025-10-26T20:08:25.457+0000] {manager.py:740} INFO - There are 0 files in /opt/airflow/dags
[2025-10-26T20:26:10.786+0000] {manager.py:737} INFO - Searching for files in /opt/airflow/dags
[2025-10-26T20:26:10.907+0000] {manager.py:740} INFO - There are 0 files in /opt/airflow/dags
[2025-10-26T20:26:11.049+0000] {manager.py:452} INFO - Exiting gracefully upon receiving signal 15
[2025-10-26T20:26:11.591+0000] {manager.py:470} INFO - Processing files using up to 2 processes at a time 
[2025-10-26T20:26:11.592+0000] {manager.py:471} INFO - Process each file at most once every 30 seconds
[2025-10-26T20:26:11.593+0000] {manager.py:472} INFO - Checking for new files in /opt/airflow/dags every 300 seconds
[2025-10-26T20:26:11.594+0000] {manager.py:737} INFO - Searching for files in /opt/airflow/dags
[2025-10-26T20:26:11.599+0000] {manager.py:740} INFO - There are 0 files in /opt/airflow/dags
[2025-10-26T20:42:03.301+0000] {manager.py:737} INFO - Searching for files in /opt/airflow/dags
[2025-10-26T20:42:03.310+0000] {manager.py:740} INFO - There are 0 files in /opt/airflow/dags
[2025-10-26T20:58:00.607+0000] {manager.py:452} INFO - Exiting gracefully upon receiving signal 15
[2025-10-26T20:58:01.440+0000] {manager.py:470} INFO - Processing files using up to 2 processes at a time 
[2025-10-26T20:58:01.442+0000] {manager.py:471} INFO - Process each file at most once every 30 seconds
[2025-10-26T20:58:01.443+0000] {manager.py:472} INFO - Checking for new files in /opt/airflow/dags every 300 seconds
[2025-10-26T20:58:01.444+0000] {manager.py:737} INFO - Searching for files in /opt/airflow/dags
[2025-10-26T20:58:01.447+0000] {manager.py:740} INFO - There are 0 files in /opt/airflow/dags
[2025-10-26T21:15:44.700+0000] {manager.py:737} INFO - Searching for files in /opt/airflow/dags
[2025-10-26T21:15:44.765+0000] {manager.py:740} INFO - There are 0 files in /opt/airflow/dags
[2025-10-26T21:15:44.827+0000] {manager.py:452} INFO - Exiting gracefully upon receiving signal 15
[2025-10-26T21:15:45.539+0000] {manager.py:470} INFO - Processing files using up to 2 processes at a time 
[2025-10-26T21:15:45.540+0000] {manager.py:471} INFO - Process each file at most once every 30 seconds
[2025-10-26T21:15:45.542+0000] {manager.py:472} INFO - Checking for new files in /opt/airflow/dags every 300 seconds
[2025-10-26T21:15:45.543+0000] {manager.py:737} INFO - Searching for files in /opt/airflow/dags
[2025-10-26T21:15:45.547+0000] {manager.py:740} INFO - There are 0 files in /opt/airflow/dags
[2025-10-26T21:33:29.389+0000] {manager.py:737} INFO - Searching for files in /opt/airflow/dags
[2025-10-26T21:33:29.587+0000] {manager.py:740} INFO - There are 0 files in /opt/airflow/dags
[2025-10-26T21:50:35.469+0000] {manager.py:737} INFO - Searching for files in /opt/airflow/dags
[2025-10-26T21:50:35.643+0000] {manager.py:452} INFO - Exiting gracefully upon receiving signal 15
[2025-10-26T21:50:36.724+0000] {manager.py:470} INFO - Processing files using up to 2 processes at a time 
[2025-10-26T21:50:36.727+0000] {manager.py:471} INFO - Process each file at most once every 30 seconds
[2025-10-26T21:50:36.729+0000] {manager.py:472} INFO - Checking for new files in /opt/airflow/dags every 300 seconds
[2025-10-26T21:50:36.733+0000] {manager.py:737} INFO - Searching for files in /opt/airflow/dags
[2025-10-26T21:50:36.741+0000] {manager.py:740} INFO - There are 0 files in /opt/airflow/dags
[2025-10-26T21:56:03.048+0000] {manager.py:737} INFO - Searching for files in /opt/airflow/dags
[2025-10-26T21:56:03.130+0000] {manager.py:740} INFO - There are 0 files in /opt/airflow/dags
